#
# A fatal error has been detected by the Java Runtime Environment:
#
#  EXCEPTION_ACCESS_VIOLATION (0xc0000005) at pc=0x000000005da5ab2a, pid=13344, tid=14772
#
# JRE version: Java(TM) SE Runtime Environment (9.0+11) (build 9.0.4+11)
# Java VM: Java HotSpot(TM) 64-Bit Server VM (9.0.4+11, mixed mode, tiered, compressed oops, g1 gc, windows-amd64)
# Problematic frame:
# V  [jvm.dll+0x63ab2a]
#
# No core dump will be written. Minidumps are not enabled by default on client versions of Windows
#
# If you would like to submit a bug report, please visit:
#   http://bugreport.java.com/bugreport/crash.jsp
#

---------------  S U M M A R Y ------------

Command Line: -agentlib:jdwp=transport=dt_socket,address=127.0.0.1:52822,suspend=y,server=n -ea -Didea.test.cyclic.buffer.size=1048576 -javaagent:C:\Users\vital\.IntelliJIdea2017.3\system\captureAgent\debugger-agent.jar=C:\Users\vital\AppData\Local\Temp\capture1.props -Dfile.encoding=UTF-8 com.intellij.rt.execution.junit.JUnitStarter -ideVersion5 -junit4 test.ApplicationTests,creatingAppTest1

Host: Intel(R) Core(TM) i7-2670QM CPU @ 2.20GHz, 8 cores, 7G,  Windows 10 , 64 bit Build 16299 (10.0.16299.15)
Time: Sun Apr 01 20:23:08 2018 Belarus Standard Time elapsed time: 6124 seconds (0d 1h 42m 4s)

---------------  T H R E A D  ---------------

Current thread (0x0000025aa4d95800):  JavaThread "JDWP Transport Listener: dt_socket" daemon [_thread_in_vm, id=14772, stack(0x000000bb82900000,0x000000bb82a00000)]

Stack: [0x000000bb82900000,0x000000bb82a00000],  sp=0x000000bb829fee90,  free space=1019k
Native frames: (J=compiled Java code, j=interpreted, Vv=VM code, C=native code)
V  [jvm.dll+0x63ab2a]
V  [jvm.dll+0x464e7b]
V  [jvm.dll+0x465722]
V  [jvm.dll+0x6a1fee]
V  [jvm.dll+0x44d2be]
V  [jvm.dll+0x40989b]
C  [jdwp.dll+0x7ae0]
C  [jdwp.dll+0x7140]
C  [jdwp.dll+0xf0ee]
C  [jdwp.dll+0x1f538]
C  [jdwp.dll+0x1f466]
V  [jvm.dll+0x464cba]
V  [jvm.dll+0x66b44f]
V  [jvm.dll+0x586490]
C  [msvcr120.dll+0x24f7f]
C  [msvcr120.dll+0x25126]
C  [KERNEL32.DLL+0x11fe4]
C  [ntdll.dll+0x6efc1]


siginfo: EXCEPTION_ACCESS_VIOLATION (0xc0000005), reading address 0x00000000010d010c


Register to memory mapping:

RIP=0x000000005da5ab2a jvm.dll
RAX=0x0000025aa42df6c0 is pointing into metadata
RBX=0x000000bb829ff150 is pointing into the stack for thread: 0x0000025aa4d95800
RCX=0x00000000010d010c is an unknown value
RDX=0x00000000000000b1 is an unknown value
RSP=0x000000bb829fee90 is pointing into the stack for thread: 0x0000025aa4d95800
RBP=0x0000000000000001 is an unknown value
RSI=0x0000000000000002 is an unknown value
RDI=0x0000000000000044 is an unknown value
R8 =0x0000000000000001 is an unknown value
R9 =0x0000000000000001 is an unknown value
R10=0x0000000000000013 is an unknown value
R11=0x0000025aa4b192b8 is an unknown value
R12=0x000000000000004c is an unknown value
R13=0x0000000000000001 is an unknown value
R14=0x0000025aa42df74a is pointing into metadata
R15=0x0000025aa42df770 is pointing into metadata


Registers:
RAX=0x0000025aa42df6c0, RBX=0x000000bb829ff150, RCX=0x00000000010d010c, RDX=0x00000000000000b1
RSP=0x000000bb829fee90, RBP=0x0000000000000001, RSI=0x0000000000000002, RDI=0x0000000000000044
R8 =0x0000000000000001, R9 =0x0000000000000001, R10=0x0000000000000013, R11=0x0000025aa4b192b8
R12=0x000000000000004c, R13=0x0000000000000001, R14=0x0000025aa42df74a, R15=0x0000025aa42df770
RIP=0x000000005da5ab2a, EFLAGS=0x0000000000010206

Top of Stack: (sp=0x000000bb829fee90)
0x000000bb829fee90:   0000025a8da68910 0000000000000000
0x000000bb829feea0:   000000bb809fe458 000000bb809fe410
0x000000bb829feeb0:   0000000000000044 000000005d884e7b
0x000000bb829feec0:   000000bb829ff150 0000000000000000
0x000000bb829feed0:   0000000000000000 000000005dab4d89
0x000000bb829feee0:   0000000000000000 0000000000000000
0x000000bb829feef0:   0000000000000000 0000000000000000
0x000000bb829fef00:   000000bb809fe410 0000025a8da9b75f
0x000000bb829fef10:   0000025a8da68910 0000000000000000
0x000000bb829fef20:   00000000000003d8 000000bb829ff150
0x000000bb829fef30:   0000025aa4b18080 000000005d885722
0x000000bb829fef40:   0000025aa47ffa00 0000025aa4d95800
0x000000bb829fef50:   0000000000000000 000000bb805ae000
0x000000bb829fef60:   000000bb829ff150 000000005dac1fee
0x000000bb829fef70:   0000025aa4d203e0 0000000000000000
0x000000bb829fef80:   0000025afe8f0000 0000025afe8f0cc0 

Instructions: (pc=0x000000005da5ab2a)
0x000000005da5ab0a:   88 48 ff 48 ff ca 75 ee 43 c6 04 10 00 49 8b c2
0x000000005da5ab1a:   c3 cc cc cc cc cc 48 89 5c 24 08 57 48 83 ec 20
0x000000005da5ab2a:   0f b7 39 48 8b d9 33 d2 ff c7 48 63 cf e8 14 42
0x000000005da5ab3a:   fa ff 4c 8b c8 85 ff 7e 36 44 0f b7 03 8d 57 ff 



---------------  P R O C E S S  ---------------

Java Threads: ( => current thread )
  0x0000025aa56a0000 JavaThread "Okio Watchdog" daemon [_thread_blocked, id=14816, stack(0x000000bb83500000,0x000000bb83600000)]
  0x0000025aa5e21800 JavaThread "Exec Stream Pumper" daemon [_thread_in_native, id=14548, stack(0x000000bb83200000,0x000000bb83300000)]
  0x0000025aa5e20800 JavaThread "Exec Stream Pumper" daemon [_thread_in_native, id=12660, stack(0x000000bb83100000,0x000000bb83200000)]
  0x0000025aa56a9800 JavaThread "Exec Default Executor" daemon [_thread_in_native, id=14652, stack(0x000000bb82e00000,0x000000bb82f00000)]
  0x0000025aa4db7800 JavaThread "Service Thread" daemon [_thread_blocked, id=14824, stack(0x000000bb82c00000,0x000000bb82d00000)]
  0x0000025aa4da6000 JavaThread "JDWP Command Reader" daemon [_thread_in_native, id=14764, stack(0x000000bb82b00000,0x000000bb82c00000)]
  0x0000025aa4da5000 JavaThread "JDWP Event Helper Thread" daemon [_thread_blocked, id=14768, stack(0x000000bb82a00000,0x000000bb82b00000)]
=>0x0000025aa4d95800 JavaThread "JDWP Transport Listener: dt_socket" daemon [_thread_in_vm, id=14772, stack(0x000000bb82900000,0x000000bb82a00000)]
  0x0000025aa481d800 JavaThread "Common-Cleaner" daemon [_thread_blocked, id=14832, stack(0x000000bb82800000,0x000000bb82900000)]
  0x0000025aa47cd800 JavaThread "Sweeper thread" daemon [_thread_blocked, id=14684, stack(0x000000bb82700000,0x000000bb82800000)]
  0x0000025aa47ba800 JavaThread "C1 CompilerThread3" daemon [_thread_blocked, id=14688, stack(0x000000bb82600000,0x000000bb82700000)]
  0x0000025aa47b4800 JavaThread "C2 CompilerThread2" daemon [_thread_blocked, id=14696, stack(0x000000bb82500000,0x000000bb82600000)]
  0x0000025aa47b4000 JavaThread "C2 CompilerThread1" daemon [_thread_blocked, id=14692, stack(0x000000bb82400000,0x000000bb82500000)]
  0x0000025aa47af000 JavaThread "C2 CompilerThread0" daemon [_thread_blocked, id=14620, stack(0x000000bb82300000,0x000000bb82400000)]
  0x0000025aa47ae800 JavaThread "Attach Listener" daemon [_thread_blocked, id=12180, stack(0x000000bb82200000,0x000000bb82300000)]
  0x0000025aa47ac800 JavaThread "Signal Dispatcher" daemon [_thread_blocked, id=10008, stack(0x000000bb82100000,0x000000bb82200000)]
  0x0000025aa4760000 JavaThread "Finalizer" daemon [_thread_blocked, id=14544, stack(0x000000bb82000000,0x000000bb82100000)]
  0x0000025aa4756000 JavaThread "Reference Handler" daemon [_thread_blocked, id=9528, stack(0x000000bb81f00000,0x000000bb82000000)]
  0x0000025afe9b2800 JavaThread "main" [_thread_blocked, id=5340, stack(0x000000bb80900000,0x000000bb80a00000)]

Other Threads:
  0x0000025aa4751800 VMThread "VM Thread" [stack: 0x000000bb81e00000,0x000000bb81f00000] [id=14140]
  0x0000025aa4f0b000 WatcherThread [stack: 0x000000bb82d00000,0x000000bb82e00000] [id=14676]
  0x0000025afe9cb000 GCTaskThread "GC Thread#0" [stack: 0x000000bb80a00000,0x000000bb80b00000] [id=14596]
  0x0000025afe9cc000 GCTaskThread "GC Thread#1" [stack: 0x000000bb80b00000,0x000000bb80c00000] [id=14600]
  0x0000025afe9ce000 GCTaskThread "GC Thread#2" [stack: 0x000000bb80c00000,0x000000bb80d00000] [id=14604]
  0x0000025afe9d1000 GCTaskThread "GC Thread#3" [stack: 0x000000bb80d00000,0x000000bb80e00000] [id=13404]
  0x0000025afe9d3000 GCTaskThread "GC Thread#4" [stack: 0x000000bb80e00000,0x000000bb80f00000] [id=14644]
  0x0000025afe9dc800 GCTaskThread "GC Thread#5" [stack: 0x000000bb80f00000,0x000000bb81000000] [id=14648]
  0x0000025afe9e7000 GCTaskThread "GC Thread#6" [stack: 0x000000bb81000000,0x000000bb81100000] [id=14640]
  0x0000025afe9e4000 GCTaskThread "GC Thread#7" [stack: 0x000000bb81100000,0x000000bb81200000] [id=14636]
  0x0000025afea4e800 ConcurrentGCThread "G1 Main Marker" [stack: 0x000000bb81b00000,0x000000bb81c00000] [id=3460]
  0x0000025afe9e4800 ConcurrentGCThread "G1 Marker#0" [stack: 0x000000bb81c00000,0x000000bb81d00000] [id=13440]
  0x0000025afe9e5800 ConcurrentGCThread "G1 Marker#1" [stack: 0x000000bb81d00000,0x000000bb81e00000] [id=14056]
  0x0000025afea07800 ConcurrentGCThread "G1 Refine#0" [stack: 0x000000bb81900000,0x000000bb81a00000] [id=10596]
  0x0000025afea02000 ConcurrentGCThread "G1 Refine#1" [stack: 0x000000bb81800000,0x000000bb81900000] [id=13544]
  0x0000025afea00000 ConcurrentGCThread "G1 Refine#2" [stack: 0x000000bb81700000,0x000000bb81800000] [id=14496]
  0x0000025afea04800 ConcurrentGCThread "G1 Refine#3" [stack: 0x000000bb81600000,0x000000bb81700000] [id=12804]
  0x0000025afe9ff800 ConcurrentGCThread "G1 Refine#4" [stack: 0x000000bb81500000,0x000000bb81600000] [id=14288]
  0x0000025afe9f8800 ConcurrentGCThread "G1 Refine#5" [stack: 0x000000bb81400000,0x000000bb81500000] [id=13492]
  0x0000025afe9f8000 ConcurrentGCThread "G1 Refine#6" [stack: 0x000000bb81300000,0x000000bb81400000] [id=10868]
  0x0000025afe9f4000 ConcurrentGCThread "G1 Refine#7" [stack: 0x000000bb81200000,0x000000bb81300000] [id=13960]
  0x0000025afea28000 ConcurrentGCThread "G1 Young RemSet Sampling" [stack: 0x000000bb81a00000,0x000000bb81b00000] [id=12232]

Threads with active compile tasks:

VM state:not at safepoint (normal execution)

VM Mutex/Monitor currently owned by a thread: None

Heap address: 0x0000000081a00000, size: 2022 MB, Compressed Oops mode: 32-bit
Narrow klass base: 0x0000000000000000, Narrow klass shift: 3
Compressed class space size: 1073741824 Address: 0x0000000100000000

Heap:
 garbage-first heap   total 131072K, used 35835K [0x0000000081a00000, 0x0000000081b00400, 0x0000000100000000)
  region size 1024K, 34 young (34816K), 3 survivors (3072K)
 Metaspace       used 19677K, capacity 20458K, committed 20736K, reserved 1067008K
  class space    used 2058K, capacity 2229K, committed 2304K, reserved 1048576K
Heap Regions: E=young(eden), S=young(survivor), O=old, HS=humongous(starts), HC=humongous(continues), CS=collection set, F=free, A=archive, TS=gc time stamp, AC=allocation context, TAMS=top-at-mark-start (previous, next)
|   0|0x0000000081a00000, 0x0000000081b00000, 0x0000000081b00000|100%| O|  |TS  1|AC  0|TAMS 0x0000000081a00000, 0x0000000081a00000|
|   1|0x0000000081b00000, 0x0000000081bfec00, 0x0000000081c00000| 99%| O|  |TS  1|AC  0|TAMS 0x0000000081b00000, 0x0000000081b00000|
|   2|0x0000000081c00000, 0x0000000081c00000, 0x0000000081d00000|  0%| F|  |TS  0|AC  0|TAMS 0x0000000081c00000, 0x0000000081c00000|
|   3|0x0000000081d00000, 0x0000000081d00000, 0x0000000081e00000|  0%| F|  |TS  0|AC  0|TAMS 0x0000000081d00000, 0x0000000081d00000|
|   4|0x0000000081e00000, 0x0000000081e00000, 0x0000000081f00000|  0%| F|  |TS  0|AC  0|TAMS 0x0000000081e00000, 0x0000000081e00000|
|   5|0x0000000081f00000, 0x0000000081f00000, 0x0000000082000000|  0%| F|  |TS  0|AC  0|TAMS 0x0000000081f00000, 0x0000000081f00000|
|   6|0x0000000082000000, 0x0000000082000000, 0x0000000082100000|  0%| F|  |TS  0|AC  0|TAMS 0x0000000082000000, 0x0000000082000000|
|   7|0x0000000082100000, 0x0000000082100000, 0x0000000082200000|  0%| F|  |TS  0|AC  0|TAMS 0x0000000082100000, 0x0000000082100000|
|   8|0x0000000082200000, 0x0000000082200000, 0x0000000082300000|  0%| F|  |TS  0|AC  0|TAMS 0x0000000082200000, 0x0000000082200000|
|   9|0x0000000082300000, 0x0000000082300000, 0x0000000082400000|  0%| F|  |TS  0|AC  0|TAMS 0x0000000082300000, 0x0000000082300000|
|  10|0x0000000082400000, 0x0000000082400000, 0x0000000082500000|  0%| F|  |TS  0|AC  0|TAMS 0x0000000082400000, 0x0000000082400000|
|  11|0x0000000082500000, 0x0000000082500000, 0x0000000082600000|  0%| F|  |TS  0|AC  0|TAMS 0x0000000082500000, 0x0000000082500000|
|  12|0x0000000082600000, 0x0000000082600000, 0x0000000082700000|  0%| F|  |TS  0|AC  0|TAMS 0x0000000082600000, 0x0000000082600000|
|  13|0x0000000082700000, 0x0000000082700000, 0x0000000082800000|  0%| F|  |TS  0|AC  0|TAMS 0x0000000082700000, 0x0000000082700000|
|  14|0x0000000082800000, 0x0000000082800000, 0x0000000082900000|  0%| F|  |TS  0|AC  0|TAMS 0x0000000082800000, 0x0000000082800000|
|  15|0x0000000082900000, 0x0000000082900000, 0x0000000082a00000|  0%| F|  |TS  0|AC  0|TAMS 0x0000000082900000, 0x0000000082900000|
|  16|0x0000000082a00000, 0x0000000082a00000, 0x0000000082b00000|  0%| F|  |TS  0|AC  0|TAMS 0x0000000082a00000, 0x0000000082a00000|
|  17|0x0000000082b00000, 0x0000000082b00000, 0x0000000082c00000|  0%| F|  |TS  0|AC  0|TAMS 0x0000000082b00000, 0x0000000082b00000|
|  18|0x0000000082c00000, 0x0000000082c00000, 0x0000000082d00000|  0%| F|  |TS  0|AC  0|TAMS 0x0000000082c00000, 0x0000000082c00000|
|  19|0x0000000082d00000, 0x0000000082d00000, 0x0000000082e00000|  0%| F|  |TS  0|AC  0|TAMS 0x0000000082d00000, 0x0000000082d00000|
|  20|0x0000000082e00000, 0x0000000082e00000, 0x0000000082f00000|  0%| F|  |TS  0|AC  0|TAMS 0x0000000082e00000, 0x0000000082e00000|
|  21|0x0000000082f00000, 0x0000000082f00000, 0x0000000083000000|  0%| F|  |TS  0|AC  0|TAMS 0x0000000082f00000, 0x0000000082f00000|
|  22|0x0000000083000000, 0x0000000083000000, 0x0000000083100000|  0%| F|  |TS  0|AC  0|TAMS 0x0000000083000000, 0x0000000083000000|
|  23|0x0000000083100000, 0x0000000083100000, 0x0000000083200000|  0%| F|  |TS  0|AC  0|TAMS 0x0000000083100000, 0x0000000083100000|
|  24|0x0000000083200000, 0x0000000083200000, 0x0000000083300000|  0%| F|  |TS  0|AC  0|TAMS 0x0000000083200000, 0x0000000083200000|
|  25|0x0000000083300000, 0x0000000083300000, 0x0000000083400000|  0%| F|  |TS  0|AC  0|TAMS 0x0000000083300000, 0x0000000083300000|
|  26|0x0000000083400000, 0x0000000083400000, 0x0000000083500000|  0%| F|  |TS  0|AC  0|TAMS 0x0000000083400000, 0x0000000083400000|
|  27|0x0000000083500000, 0x0000000083500000, 0x0000000083600000|  0%| F|  |TS  0|AC  0|TAMS 0x0000000083500000, 0x0000000083500000|
|  28|0x0000000083600000, 0x0000000083600000, 0x0000000083700000|  0%| F|  |TS  0|AC  0|TAMS 0x0000000083600000, 0x0000000083600000|
|  29|0x0000000083700000, 0x0000000083700000, 0x0000000083800000|  0%| F|  |TS  0|AC  0|TAMS 0x0000000083700000, 0x0000000083700000|
|  30|0x0000000083800000, 0x0000000083800000, 0x0000000083900000|  0%| F|  |TS  0|AC  0|TAMS 0x0000000083800000, 0x0000000083800000|
|  31|0x0000000083900000, 0x0000000083900000, 0x0000000083a00000|  0%| F|  |TS  0|AC  0|TAMS 0x0000000083900000, 0x0000000083900000|
|  32|0x0000000083a00000, 0x0000000083a00000, 0x0000000083b00000|  0%| F|  |TS  0|AC  0|TAMS 0x0000000083a00000, 0x0000000083a00000|
|  33|0x0000000083b00000, 0x0000000083b00000, 0x0000000083c00000|  0%| F|  |TS  0|AC  0|TAMS 0x0000000083b00000, 0x0000000083b00000|
|  34|0x0000000083c00000, 0x0000000083c00000, 0x0000000083d00000|  0%| F|  |TS  0|AC  0|TAMS 0x0000000083c00000, 0x0000000083c00000|
|  35|0x0000000083d00000, 0x0000000083d00000, 0x0000000083e00000|  0%| F|  |TS  0|AC  0|TAMS 0x0000000083d00000, 0x0000000083d00000|
|  36|0x0000000083e00000, 0x0000000083e00000, 0x0000000083f00000|  0%| F|  |TS  0|AC  0|TAMS 0x0000000083e00000, 0x0000000083e00000|
|  37|0x0000000083f00000, 0x0000000083f00000, 0x0000000084000000|  0%| F|  |TS  0|AC  0|TAMS 0x0000000083f00000, 0x0000000083f00000|
|  38|0x0000000084000000, 0x0000000084000000, 0x0000000084100000|  0%| F|  |TS  0|AC  0|TAMS 0x0000000084000000, 0x0000000084000000|
|  39|0x0000000084100000, 0x0000000084100000, 0x0000000084200000|  0%| F|  |TS  0|AC  0|TAMS 0x0000000084100000, 0x0000000084100000|
|  40|0x0000000084200000, 0x0000000084200000, 0x0000000084300000|  0%| F|  |TS  0|AC  0|TAMS 0x0000000084200000, 0x0000000084200000|
|  41|0x0000000084300000, 0x0000000084300000, 0x0000000084400000|  0%| F|  |TS  0|AC  0|TAMS 0x0000000084300000, 0x0000000084300000|
|  42|0x0000000084400000, 0x0000000084400000, 0x0000000084500000|  0%| F|  |TS  0|AC  0|TAMS 0x0000000084400000, 0x0000000084400000|
|  43|0x0000000084500000, 0x0000000084500000, 0x0000000084600000|  0%| F|  |TS  0|AC  0|TAMS 0x0000000084500000, 0x0000000084500000|
|  44|0x0000000084600000, 0x0000000084600000, 0x0000000084700000|  0%| F|  |TS  0|AC  0|TAMS 0x0000000084600000, 0x0000000084600000|
|  45|0x0000000084700000, 0x0000000084700000, 0x0000000084800000|  0%| F|  |TS  0|AC  0|TAMS 0x0000000084700000, 0x0000000084700000|
|  46|0x0000000084800000, 0x0000000084800000, 0x0000000084900000|  0%| F|  |TS  0|AC  0|TAMS 0x0000000084800000, 0x0000000084800000|
|  47|0x0000000084900000, 0x0000000084900000, 0x0000000084a00000|  0%| F|  |TS  0|AC  0|TAMS 0x0000000084900000, 0x0000000084900000|
|  48|0x0000000084a00000, 0x0000000084a00000, 0x0000000084b00000|  0%| F|  |TS  0|AC  0|TAMS 0x0000000084a00000, 0x0000000084a00000|
|  49|0x0000000084b00000, 0x0000000084b00000, 0x0000000084c00000|  0%| F|  |TS  0|AC  0|TAMS 0x0000000084b00000, 0x0000000084b00000|
|  50|0x0000000084c00000, 0x0000000084c00000, 0x0000000084d00000|  0%| F|  |TS  0|AC  0|TAMS 0x0000000084c00000, 0x0000000084c00000|
|  51|0x0000000084d00000, 0x0000000084d00000, 0x0000000084e00000|  0%| F|  |TS  0|AC  0|TAMS 0x0000000084d00000, 0x0000000084d00000|
|  52|0x0000000084e00000, 0x0000000084e00000, 0x0000000084f00000|  0%| F|  |TS  0|AC  0|TAMS 0x0000000084e00000, 0x0000000084e00000|
|  53|0x0000000084f00000, 0x0000000084f00000, 0x0000000085000000|  0%| F|  |TS  0|AC  0|TAMS 0x0000000084f00000, 0x0000000084f00000|
|  54|0x0000000085000000, 0x0000000085000000, 0x0000000085100000|  0%| F|  |TS  0|AC  0|TAMS 0x0000000085000000, 0x0000000085000000|
|  55|0x0000000085100000, 0x0000000085100000, 0x0000000085200000|  0%| F|  |TS  0|AC  0|TAMS 0x0000000085100000, 0x0000000085100000|
|  56|0x0000000085200000, 0x0000000085200000, 0x0000000085300000|  0%| F|  |TS  0|AC  0|TAMS 0x0000000085200000, 0x0000000085200000|
|  57|0x0000000085300000, 0x0000000085300000, 0x0000000085400000|  0%| F|  |TS  0|AC  0|TAMS 0x0000000085300000, 0x0000000085300000|
|  58|0x0000000085400000, 0x0000000085400000, 0x0000000085500000|  0%| F|  |TS  0|AC  0|TAMS 0x0000000085400000, 0x0000000085400000|
|  59|0x0000000085500000, 0x0000000085500000, 0x0000000085600000|  0%| F|  |TS  0|AC  0|TAMS 0x0000000085500000, 0x0000000085500000|
|  60|0x0000000085600000, 0x0000000085600000, 0x0000000085700000|  0%| F|  |TS  0|AC  0|TAMS 0x0000000085600000, 0x0000000085600000|
|  61|0x0000000085700000, 0x0000000085700000, 0x0000000085800000|  0%| F|  |TS  0|AC  0|TAMS 0x0000000085700000, 0x0000000085700000|
|  62|0x0000000085800000, 0x0000000085800000, 0x0000000085900000|  0%| F|  |TS  0|AC  0|TAMS 0x0000000085800000, 0x0000000085800000|
|  63|0x0000000085900000, 0x0000000085900000, 0x0000000085a00000|  0%| F|  |TS  0|AC  0|TAMS 0x0000000085900000, 0x0000000085900000|
|  64|0x0000000085a00000, 0x0000000085a00000, 0x0000000085b00000|  0%| F|  |TS  0|AC  0|TAMS 0x0000000085a00000, 0x0000000085a00000|
|  65|0x0000000085b00000, 0x0000000085b00000, 0x0000000085c00000|  0%| F|  |TS  0|AC  0|TAMS 0x0000000085b00000, 0x0000000085b00000|
|  66|0x0000000085c00000, 0x0000000085c00000, 0x0000000085d00000|  0%| F|  |TS  0|AC  0|TAMS 0x0000000085c00000, 0x0000000085c00000|
|  67|0x0000000085d00000, 0x0000000085d00000, 0x0000000085e00000|  0%| F|  |TS  0|AC  0|TAMS 0x0000000085d00000, 0x0000000085d00000|
|  68|0x0000000085e00000, 0x0000000085e00000, 0x0000000085f00000|  0%| F|  |TS  0|AC  0|TAMS 0x0000000085e00000, 0x0000000085e00000|
|  69|0x0000000085f00000, 0x0000000085f00000, 0x0000000086000000|  0%| F|  |TS  0|AC  0|TAMS 0x0000000085f00000, 0x0000000085f00000|
|  70|0x0000000086000000, 0x0000000086000000, 0x0000000086100000|  0%| F|  |TS  0|AC  0|TAMS 0x0000000086000000, 0x0000000086000000|
|  71|0x0000000086100000, 0x0000000086100000, 0x0000000086200000|  0%| F|  |TS  0|AC  0|TAMS 0x0000000086100000, 0x0000000086100000|
|  72|0x0000000086200000, 0x0000000086200000, 0x0000000086300000|  0%| F|  |TS  0|AC  0|TAMS 0x0000000086200000, 0x0000000086200000|
|  73|0x0000000086300000, 0x0000000086300000, 0x0000000086400000|  0%| F|  |TS  0|AC  0|TAMS 0x0000000086300000, 0x0000000086300000|
|  74|0x0000000086400000, 0x0000000086400000, 0x0000000086500000|  0%| F|  |TS  0|AC  0|TAMS 0x0000000086400000, 0x0000000086400000|
|  75|0x0000000086500000, 0x0000000086500000, 0x0000000086600000|  0%| F|  |TS  0|AC  0|TAMS 0x0000000086500000, 0x0000000086500000|
|  76|0x0000000086600000, 0x0000000086600000, 0x0000000086700000|  0%| F|  |TS  0|AC  0|TAMS 0x0000000086600000, 0x0000000086600000|
|  77|0x0000000086700000, 0x0000000086700000, 0x0000000086800000|  0%| F|  |TS  0|AC  0|TAMS 0x0000000086700000, 0x0000000086700000|
|  78|0x0000000086800000, 0x0000000086800000, 0x0000000086900000|  0%| F|  |TS  0|AC  0|TAMS 0x0000000086800000, 0x0000000086800000|
|  79|0x0000000086900000, 0x0000000086900000, 0x0000000086a00000|  0%| F|  |TS  0|AC  0|TAMS 0x0000000086900000, 0x0000000086900000|
|  80|0x0000000086a00000, 0x0000000086a00000, 0x0000000086b00000|  0%| F|  |TS  0|AC  0|TAMS 0x0000000086a00000, 0x0000000086a00000|
|  81|0x0000000086b00000, 0x0000000086b00000, 0x0000000086c00000|  0%| F|  |TS  0|AC  0|TAMS 0x0000000086b00000, 0x0000000086b00000|
|  82|0x0000000086c00000, 0x0000000086c00000, 0x0000000086d00000|  0%| F|  |TS  0|AC  0|TAMS 0x0000000086c00000, 0x0000000086c00000|
|  83|0x0000000086d00000, 0x0000000086d00000, 0x0000000086e00000|  0%| F|  |TS  0|AC  0|TAMS 0x0000000086d00000, 0x0000000086d00000|
|  84|0x0000000086e00000, 0x0000000086e00000, 0x0000000086f00000|  0%| F|  |TS  0|AC  0|TAMS 0x0000000086e00000, 0x0000000086e00000|
|  85|0x0000000086f00000, 0x0000000086f00000, 0x0000000087000000|  0%| F|  |TS  0|AC  0|TAMS 0x0000000086f00000, 0x0000000086f00000|
|  86|0x0000000087000000, 0x0000000087000000, 0x0000000087100000|  0%| F|  |TS  0|AC  0|TAMS 0x0000000087000000, 0x0000000087000000|
|  87|0x0000000087100000, 0x0000000087100000, 0x0000000087200000|  0%| F|  |TS  0|AC  0|TAMS 0x0000000087100000, 0x0000000087100000|
|  88|0x0000000087200000, 0x0000000087200000, 0x0000000087300000|  0%| F|  |TS  0|AC  0|TAMS 0x0000000087200000, 0x0000000087200000|
|  89|0x0000000087300000, 0x0000000087300000, 0x0000000087400000|  0%| F|  |TS  0|AC  0|TAMS 0x0000000087300000, 0x0000000087300000|
|  90|0x0000000087400000, 0x0000000087400000, 0x0000000087500000|  0%| F|  |TS  0|AC  0|TAMS 0x0000000087400000, 0x0000000087400000|
|  91|0x0000000087500000, 0x0000000087500000, 0x0000000087600000|  0%| F|  |TS  0|AC  0|TAMS 0x0000000087500000, 0x0000000087500000|
|  92|0x0000000087600000, 0x0000000087600000, 0x0000000087700000|  0%| F|  |TS  0|AC  0|TAMS 0x0000000087600000, 0x0000000087600000|
|  93|0x0000000087700000, 0x0000000087700000, 0x0000000087800000|  0%| F|  |TS  0|AC  0|TAMS 0x0000000087700000, 0x0000000087700000|
|  94|0x0000000087800000, 0x0000000087900000, 0x0000000087900000|100%| E|  |TS  0|AC  0|TAMS 0x0000000087800000, 0x0000000087800000|
|  95|0x0000000087900000, 0x0000000087a00000, 0x0000000087a00000|100%| E|CS|TS  0|AC  0|TAMS 0x0000000087900000, 0x0000000087900000|
|  96|0x0000000087a00000, 0x0000000087b00000, 0x0000000087b00000|100%| E|CS|TS  0|AC  0|TAMS 0x0000000087a00000, 0x0000000087a00000|
|  97|0x0000000087b00000, 0x0000000087c00000, 0x0000000087c00000|100%| E|CS|TS  0|AC  0|TAMS 0x0000000087b00000, 0x0000000087b00000|
|  98|0x0000000087c00000, 0x0000000087d00000, 0x0000000087d00000|100%| E|CS|TS  0|AC  0|TAMS 0x0000000087c00000, 0x0000000087c00000|
|  99|0x0000000087d00000, 0x0000000087e00000, 0x0000000087e00000|100%| E|CS|TS  0|AC  0|TAMS 0x0000000087d00000, 0x0000000087d00000|
| 100|0x0000000087e00000, 0x0000000087f00000, 0x0000000087f00000|100%| E|CS|TS  0|AC  0|TAMS 0x0000000087e00000, 0x0000000087e00000|
| 101|0x0000000087f00000, 0x0000000088000000, 0x0000000088000000|100%| S|CS|TS  1|AC  0|TAMS 0x0000000087f00000, 0x0000000087f00000|
| 102|0x0000000088000000, 0x0000000088100000, 0x0000000088100000|100%| S|CS|TS  1|AC  0|TAMS 0x0000000088000000, 0x0000000088000000|
| 103|0x0000000088100000, 0x0000000088200000, 0x0000000088200000|100%| S|CS|TS  1|AC  0|TAMS 0x0000000088100000, 0x0000000088100000|
| 104|0x0000000088200000, 0x0000000088300000, 0x0000000088300000|100%| E|CS|TS  1|AC  0|TAMS 0x0000000088200000, 0x0000000088200000|
| 105|0x0000000088300000, 0x0000000088400000, 0x0000000088400000|100%| E|CS|TS  1|AC  0|TAMS 0x0000000088300000, 0x0000000088300000|
| 106|0x0000000088400000, 0x0000000088500000, 0x0000000088500000|100%| E|CS|TS  1|AC  0|TAMS 0x0000000088400000, 0x0000000088400000|
| 107|0x0000000088500000, 0x0000000088600000, 0x0000000088600000|100%| E|CS|TS  1|AC  0|TAMS 0x0000000088500000, 0x0000000088500000|
| 108|0x0000000088600000, 0x0000000088700000, 0x0000000088700000|100%| E|CS|TS  1|AC  0|TAMS 0x0000000088600000, 0x0000000088600000|
| 109|0x0000000088700000, 0x0000000088800000, 0x0000000088800000|100%| E|CS|TS  1|AC  0|TAMS 0x0000000088700000, 0x0000000088700000|
| 110|0x0000000088800000, 0x0000000088900000, 0x0000000088900000|100%| E|CS|TS  1|AC  0|TAMS 0x0000000088800000, 0x0000000088800000|
| 111|0x0000000088900000, 0x0000000088a00000, 0x0000000088a00000|100%| E|CS|TS  1|AC  0|TAMS 0x0000000088900000, 0x0000000088900000|
| 112|0x0000000088a00000, 0x0000000088b00000, 0x0000000088b00000|100%| E|CS|TS  1|AC  0|TAMS 0x0000000088a00000, 0x0000000088a00000|
| 113|0x0000000088b00000, 0x0000000088c00000, 0x0000000088c00000|100%| E|CS|TS  1|AC  0|TAMS 0x0000000088b00000, 0x0000000088b00000|
| 114|0x0000000088c00000, 0x0000000088d00000, 0x0000000088d00000|100%| E|CS|TS  1|AC  0|TAMS 0x0000000088c00000, 0x0000000088c00000|
| 115|0x0000000088d00000, 0x0000000088e00000, 0x0000000088e00000|100%| E|CS|TS  1|AC  0|TAMS 0x0000000088d00000, 0x0000000088d00000|
| 116|0x0000000088e00000, 0x0000000088f00000, 0x0000000088f00000|100%| E|CS|TS  1|AC  0|TAMS 0x0000000088e00000, 0x0000000088e00000|
| 117|0x0000000088f00000, 0x0000000089000000, 0x0000000089000000|100%| E|CS|TS  1|AC  0|TAMS 0x0000000088f00000, 0x0000000088f00000|
| 118|0x0000000089000000, 0x0000000089100000, 0x0000000089100000|100%| E|CS|TS  1|AC  0|TAMS 0x0000000089000000, 0x0000000089000000|
| 119|0x0000000089100000, 0x0000000089200000, 0x0000000089200000|100%| E|CS|TS  1|AC  0|TAMS 0x0000000089100000, 0x0000000089100000|
| 120|0x0000000089200000, 0x0000000089300000, 0x0000000089300000|100%| E|CS|TS  1|AC  0|TAMS 0x0000000089200000, 0x0000000089200000|
| 121|0x0000000089300000, 0x0000000089400000, 0x0000000089400000|100%| E|CS|TS  1|AC  0|TAMS 0x0000000089300000, 0x0000000089300000|
| 122|0x0000000089400000, 0x0000000089500000, 0x0000000089500000|100%| E|CS|TS  1|AC  0|TAMS 0x0000000089400000, 0x0000000089400000|
| 123|0x0000000089500000, 0x0000000089600000, 0x0000000089600000|100%| E|CS|TS  1|AC  0|TAMS 0x0000000089500000, 0x0000000089500000|
| 124|0x0000000089600000, 0x0000000089700000, 0x0000000089700000|100%| E|CS|TS  1|AC  0|TAMS 0x0000000089600000, 0x0000000089600000|
| 125|0x0000000089700000, 0x0000000089800000, 0x0000000089800000|100%| E|CS|TS  1|AC  0|TAMS 0x0000000089700000, 0x0000000089700000|
| 126|0x0000000089800000, 0x0000000089900000, 0x0000000089900000|100%| E|CS|TS  1|AC  0|TAMS 0x0000000089800000, 0x0000000089800000|
| 127|0x0000000089900000, 0x0000000089a00000, 0x0000000089a00000|100%| E|CS|TS  1|AC  0|TAMS 0x0000000089900000, 0x0000000089900000|

Card table byte_map: [0x0000025a9ce60000,0x0000025a9d260000] byte_map_base: 0x0000025a9ca53000

Marking Bits (Prev, Next): (CMBitMap*) 0x0000025afea4df30, (CMBitMap*) 0x0000025afea4df68
 Prev Bits: [0x0000025a9d660000, 0x0000025a9f5f8000)
 Next Bits: [0x0000025a9f600000, 0x0000025aa1598000)

Polling page: 0x0000025afe890000

CodeHeap 'non-profiled nmethods': size=120000Kb used=700Kb max_used=700Kb free=119299Kb
 bounds [0x0000025a95530000, 0x0000025a957a0000, 0x0000025a9ca60000]
CodeHeap 'profiled nmethods': size=120000Kb used=4332Kb max_used=4332Kb free=115667Kb
 bounds [0x0000025a8e000000, 0x0000025a8e440000, 0x0000025a95530000]
CodeHeap 'non-nmethods': size=5760Kb used=1258Kb max_used=1276Kb free=4501Kb
 bounds [0x0000025a8da60000, 0x0000025a8dcd0000, 0x0000025a8e000000]
 total_blobs=2832 nmethods=2024 adapters=352
 compilation: enabled

Compilation events (10 events):
Event: 214.035 Thread 0x0000025aa47ba800 2020       3       java.net.URI::access$3400 (4 bytes)
Event: 214.035 Thread 0x0000025aa47ba800 nmethod 2020 0x0000025a8e438310 code [0x0000025a8e4384c0, 0x0000025a8e4385f8]
Event: 315.468 Thread 0x0000025aa47ba800 2021   !   3       java.util.Formatter::format (280 bytes)
Event: 315.470 Thread 0x0000025aa47ba800 nmethod 2021 0x0000025a8e438690 code [0x0000025a8e4389e0, 0x0000025a8e439ea0]
Event: 1544.451 Thread 0x0000025aa47af000 2022       4       java.util.Formatter$Conversion::isGeneral (64 bytes)
Event: 1544.453 Thread 0x0000025aa47af000 nmethod 2022 0x0000025a955dec90 code [0x0000025a955df020, 0x0000025a955df098]
Event: 5810.619 Thread 0x0000025aa47ba800 2023       3       org.openqa.selenium.MutableCapabilities::getCapability (6 bytes)
Event: 5810.620 Thread 0x0000025aa47ba800 nmethod 2023 0x0000025a8e43a890 code [0x0000025a8e43aa60, 0x0000025a8e43acf0]
Event: 5810.620 Thread 0x0000025aa47ba800 2024       3       org.openqa.selenium.AbstractCapabilities::getCapability (11 bytes)
Event: 5810.620 Thread 0x0000025aa47ba800 nmethod 2024 0x0000025a8e43ae10 code [0x0000025a8e43afc0, 0x0000025a8e43b1f0]

GC Heap History (2 events):
Event: 1.847 GC heap before
{Heap before GC invocations=0 (full 0):
 garbage-first heap   total 131072K, used 24576K [0x0000000081a00000, 0x0000000081b00400, 0x0000000100000000)
  region size 1024K, 24 young (24576K), 0 survivors (0K)
 Metaspace       used 12395K, capacity 12718K, committed 12928K, reserved 1060864K
  class space    used 1229K, capacity 1317K, committed 1408K, reserved 1048576K
}
Event: 1.853 GC heap after
{Heap after GC invocations=1 (full 0):
 garbage-first heap   total 131072K, used 5115K [0x0000000081a00000, 0x0000000081b00400, 0x0000000100000000)
  region size 1024K, 3 young (3072K), 3 survivors (3072K)
 Metaspace       used 12395K, capacity 12718K, committed 12928K, reserved 1060864K
  class space    used 1229K, capacity 1317K, committed 1408K, reserved 1048576K
}

Deoptimization events (10 events):
Event: 2.288 Thread 0x0000025afe9b2800 Uncommon trap: reason=unstable_if action=reinterpret pc=0x0000025a95591910 method=java.io.ByteArrayInputStream.read([BII)I @ 63 c2
Event: 2.294 Thread 0x0000025afe9b2800 Uncommon trap: reason=unstable_if action=reinterpret pc=0x0000025a9556dda4 method=java.lang.StringUTF16.compress([CI[BII)I @ 20 c2
Event: 2.409 Thread 0x0000025aa5e14800 Uncommon trap: reason=unstable_if action=reinterpret pc=0x0000025a955830b4 method=java.lang.CharacterDataLatin1.digit(II)I @ 82 c2
Event: 2.922 Thread 0x0000025aa5e14800 Uncommon trap: reason=unstable_if action=reinterpret pc=0x0000025a95582c88 method=java.lang.CharacterDataLatin1.digit(II)I @ 82 c2
Event: 3.244 Thread 0x0000025afe9b2800 Uncommon trap: reason=unstable_if action=reinterpret pc=0x0000025a955abeb0 method=java.util.regex.Pattern$BmpCharProperty.match(Ljava/util/regex/Matcher;ILjava/lang/CharSequence;)Z @ 5 c2
Event: 5.988 Thread 0x0000025afe9b2800 Uncommon trap: reason=unstable_if action=reinterpret pc=0x0000025a955a2940 method=sun.net.www.ParseUtil.firstEncodeIndex(Ljava/lang/String;)I @ 51 c2
Event: 55.642 Thread 0x0000025afe9b2800 Uncommon trap: reason=unstable_if action=reinterpret pc=0x0000025a95563b14 method=java.lang.AbstractStringBuilder.putStringAt(ILjava/lang/String;)V @ 8 c2
Event: 55.642 Thread 0x0000025afe9b2800 Uncommon trap: reason=unstable_if action=reinterpret pc=0x0000025a9559f578 method=java.lang.AbstractStringBuilder.isLatin1()Z @ 10 c2
Event: 55.642 Thread 0x0000025afe9b2800 Uncommon trap: reason=unstable_if action=reinterpret pc=0x0000025a955a1ff0 method=java.lang.String.getBytes([BIB)V @ 5 c2
Event: 57.319 Thread 0x0000025afe9b2800 Uncommon trap: reason=unstable_if action=reinterpret pc=0x0000025a955d3160 method=java.lang.AbstractStringBuilder.appendChars(Ljava/lang/CharSequence;II)V @ 4 c2

Classes redefined (10 events):
Event: 4274.995 Thread 0x0000025aa4751800 redefined class name=test.ApplicationTests, count=9
Event: 4417.133 Thread 0x0000025aa4751800 redefined class name=test.ApplicationTests, count=10
Event: 4506.481 Thread 0x0000025aa4751800 redefined class name=test.ApplicationTests, count=11
Event: 4696.648 Thread 0x0000025aa4751800 redefined class name=test.ApplicationTests, count=12
Event: 4876.998 Thread 0x0000025aa4751800 redefined class name=test.ApplicationTests, count=13
Event: 5320.648 Thread 0x0000025aa4751800 redefined class name=test.ApplicationTests, count=14
Event: 5550.364 Thread 0x0000025aa4751800 redefined class name=test.ApplicationTests, count=15
Event: 5618.804 Thread 0x0000025aa4751800 redefined class name=test.ApplicationTests, count=16
Event: 5810.480 Thread 0x0000025aa4751800 redefined class name=test.ApplicationTests, count=17
Event: 6124.501 Thread 0x0000025aa4751800 redefined class name=test.ApplicationTests, count=18

Internal exceptions (10 events):
Event: 61.182 Thread 0x0000025afe9b2800 Exception <a 'java/net/SocketTimeoutException'{0x00000000879bcf88}: Read timed out> (0x00000000879bcf88) thrown at [t:/workspace/hotspot/src/share/vm/prims/jni.cpp, line 625]
Event: 61.198 Thread 0x0000025afe9b2800 Exception <a 'java/net/SocketTimeoutException'{0x00000000879c8590}: Read timed out> (0x00000000879c8590) thrown at [t:/workspace/hotspot/src/share/vm/prims/jni.cpp, line 625]
Event: 61.242 Thread 0x0000025afe9b2800 Exception <a 'java/net/SocketTimeoutException'{0x00000000879d3f50}: Read timed out> (0x00000000879d3f50) thrown at [t:/workspace/hotspot/src/share/vm/prims/jni.cpp, line 625]
Event: 61.275 Thread 0x0000025afe9b2800 Exception <a 'java/net/SocketTimeoutException'{0x00000000879dfc38}: Read timed out> (0x00000000879dfc38) thrown at [t:/workspace/hotspot/src/share/vm/prims/jni.cpp, line 625]
Event: 62.660 Thread 0x0000025afe9b2800 Exception <a 'java/net/SocketTimeoutException'{0x00000000879eb5e0}: Read timed out> (0x00000000879eb5e0) thrown at [t:/workspace/hotspot/src/share/vm/prims/jni.cpp, line 625]
Event: 62.684 Thread 0x0000025afe9b2800 Exception <a 'java/net/SocketTimeoutException'{0x00000000879f97f0}: Read timed out> (0x00000000879f97f0) thrown at [t:/workspace/hotspot/src/share/vm/prims/jni.cpp, line 625]
Event: 62.706 Thread 0x0000025afe9b2800 Exception <a 'java/net/SocketTimeoutException'{0x0000000087805310}: Read timed out> (0x0000000087805310) thrown at [t:/workspace/hotspot/src/share/vm/prims/jni.cpp, line 625]
Event: 62.741 Thread 0x0000025afe9b2800 Exception <a 'java/net/SocketTimeoutException'{0x0000000087810918}: Read timed out> (0x0000000087810918) thrown at [t:/workspace/hotspot/src/share/vm/prims/jni.cpp, line 625]
Event: 68.329 Thread 0x0000025afe9b2800 Exception <a 'java/net/SocketTimeoutException'{0x000000008781e610}: Read timed out> (0x000000008781e610) thrown at [t:/workspace/hotspot/src/share/vm/prims/jni.cpp, line 625]
Event: 214.035 Thread 0x0000025afe9b2800 Exception <a 'java/net/SocketTimeoutException'{0x000000008782f110}: Read timed out> (0x000000008782f110) thrown at [t:/workspace/hotspot/src/share/vm/prims/jni.cpp, line 625]

Events (10 events):
Event: 6124.578 Executing VM operation: GetOrSetLocal
Event: 6124.578 Executing VM operation: GetOrSetLocal done
Event: 6124.579 Executing VM operation: GetFrameCount
Event: 6124.579 Executing VM operation: GetFrameCount done
Event: 6124.579 Executing VM operation: GetFrameLocation
Event: 6124.579 Executing VM operation: GetFrameLocation done
Event: 6124.579 Executing VM operation: GetFrameLocation
Event: 6124.579 Executing VM operation: GetFrameLocation done
Event: 6124.579 Executing VM operation: GetOrSetLocal
Event: 6124.579 Executing VM operation: GetOrSetLocal done


Dynamic libraries:
0x00007ff736260000 - 0x00007ff73629e000 	C:\Program Files\Java\jdk-9.0.4\bin\java.exe
0x00007ffcadef0000 - 0x00007ffcae0d0000 	C:\Windows\SYSTEM32\ntdll.dll
0x00007ffcad0c0000 - 0x00007ffcad16e000 	C:\Windows\System32\KERNEL32.DLL
0x00007ffcaa2f0000 - 0x00007ffcaa556000 	C:\Windows\System32\KERNELBASE.dll
0x00007ffcab490000 - 0x00007ffcab531000 	C:\Windows\System32\ADVAPI32.dll
0x00007ffcadb30000 - 0x00007ffcadbcd000 	C:\Windows\System32\msvcrt.dll
0x00007ffcacea0000 - 0x00007ffcacefb000 	C:\Windows\System32\sechost.dll
0x00007ffcacfa0000 - 0x00007ffcad0bf000 	C:\Windows\System32\RPCRT4.dll
0x00007ffcadd30000 - 0x00007ffcadebf000 	C:\Windows\System32\USER32.dll
0x00007ffcaa5e0000 - 0x00007ffcaa600000 	C:\Windows\System32\win32u.dll
0x00007ffcad930000 - 0x00007ffcad958000 	C:\Windows\System32\GDI32.dll
0x00007ffcaa6b0000 - 0x00007ffcaa843000 	C:\Windows\System32\gdi32full.dll
0x00007ffcaa850000 - 0x00007ffcaa8eb000 	C:\Windows\System32\msvcp_win.dll
0x00007ffcaa940000 - 0x00007ffcaaa36000 	C:\Windows\System32\ucrtbase.dll
0x00007ffca53f0000 - 0x00007ffca5659000 	C:\Windows\WinSxS\amd64_microsoft.windows.common-controls_6595b64144ccf1df_6.0.16299.309_none_15cfd4c4935e6b11\COMCTL32.dll
0x00007ffca9210000 - 0x00007ffca921a000 	C:\Windows\SYSTEM32\VERSION.dll
0x00007ffcacb90000 - 0x00007ffcace98000 	C:\Windows\System32\combase.dll
0x00007ffcaa560000 - 0x00007ffcaa5d2000 	C:\Windows\System32\bcryptPrimitives.dll
0x00007ffcad960000 - 0x00007ffcad98d000 	C:\Windows\System32\IMM32.DLL
0x00007ffca9220000 - 0x00007ffca9256000 	C:\Windows\system32\DriverStore\FileRepository\nvhm.inf_amd64_c8a41364c1b3daa8\nvinitx.dll
0x00007ffca91d0000 - 0x00007ffca9210000 	C:\Windows\system32\nvinitx.dll
0x00007ffca4bb0000 - 0x00007ffca4c9f000 	C:\Program Files\Java\jdk-9.0.4\bin\msvcr120.dll
0x00007ffca3040000 - 0x00007ffca30e6000 	C:\Program Files\Java\jdk-9.0.4\bin\msvcp120.dll
0x000000005d420000 - 0x000000005de45000 	C:\Program Files\Java\jdk-9.0.4\bin\server\jvm.dll
0x00007ffcadbd0000 - 0x00007ffcadbd8000 	C:\Windows\System32\PSAPI.DLL
0x00007ffc9bd80000 - 0x00007ffc9bd89000 	C:\Windows\SYSTEM32\WSOCK32.dll
0x00007ffca5fe0000 - 0x00007ffca6003000 	C:\Windows\SYSTEM32\WINMM.dll
0x00007ffcab3c0000 - 0x00007ffcab42c000 	C:\Windows\System32\WS2_32.dll
0x00007ffca5f80000 - 0x00007ffca5faa000 	C:\Windows\SYSTEM32\winmmbase.dll
0x00007ffcaa8f0000 - 0x00007ffcaa93a000 	C:\Windows\System32\cfgmgr32.dll
0x00007ffca6080000 - 0x00007ffca608f000 	C:\Program Files\Java\jdk-9.0.4\bin\verify.dll
0x00007ffca3010000 - 0x00007ffca3037000 	C:\Program Files\Java\jdk-9.0.4\bin\java.dll
0x00007ffc95020000 - 0x00007ffc95056000 	C:\Program Files\Java\jdk-9.0.4\bin\jdwp.dll
0x00007ffc97c60000 - 0x00007ffc97c8a000 	C:\Program Files\Java\jdk-9.0.4\bin\instrument.dll
0x00007ffca6060000 - 0x00007ffca6076000 	C:\Program Files\Java\jdk-9.0.4\bin\zip.dll
0x00007ffca4cc0000 - 0x00007ffca4cca000 	C:\Program Files\Java\jdk-9.0.4\bin\jimage.dll
0x00007ffcab5c0000 - 0x00007ffcac9f6000 	C:\Windows\System32\SHELL32.dll
0x00007ffcad9a0000 - 0x00007ffcada46000 	C:\Windows\System32\shcore.dll
0x00007ffcaac10000 - 0x00007ffcab357000 	C:\Windows\System32\windows.storage.dll
0x00007ffcab430000 - 0x00007ffcab481000 	C:\Windows\System32\shlwapi.dll
0x00007ffcaa2d0000 - 0x00007ffcaa2e1000 	C:\Windows\System32\kernel.appcore.dll
0x00007ffcaa260000 - 0x00007ffcaa2ac000 	C:\Windows\System32\powrprof.dll
0x00007ffcaa240000 - 0x00007ffcaa25b000 	C:\Windows\System32\profapi.dll
0x00007ffca4b90000 - 0x00007ffca4baa000 	C:\Program Files\Java\jdk-9.0.4\bin\net.dll
0x00007ffca6310000 - 0x00007ffca63ee000 	C:\Windows\SYSTEM32\WINHTTP.dll
0x00007ffca9ad0000 - 0x00007ffca9b36000 	C:\Windows\system32\mswsock.dll
0x00007ffca3eb0000 - 0x00007ffca3ec1000 	C:\Program Files\Java\jdk-9.0.4\bin\nio.dll
0x00007ffca4cb0000 - 0x00007ffca4cba000 	C:\Program Files\Java\jdk-9.0.4\bin\dt_socket.dll
0x00007ffca98a0000 - 0x00007ffca9956000 	C:\Windows\SYSTEM32\DNSAPI.dll
0x00007ffcad990000 - 0x00007ffcad998000 	C:\Windows\System32\NSI.dll
0x00007ffca9860000 - 0x00007ffca9899000 	C:\Windows\SYSTEM32\IPHLPAPI.DLL
0x00007ffca0bb0000 - 0x00007ffca0bba000 	C:\Windows\System32\rasadhlp.dll
0x00007ffca0d10000 - 0x00007ffca0d80000 	C:\Windows\System32\fwpuclnt.dll
0x00007ffca9da0000 - 0x00007ffca9dc5000 	C:\Windows\SYSTEM32\bcrypt.dll
0x00007ffc95e60000 - 0x00007ffc95e83000 	C:\Program Files\Java\jdk-9.0.4\bin\sunec.dll
0x00007ffca9c90000 - 0x00007ffca9ca7000 	C:\Windows\SYSTEM32\CRYPTSP.dll
0x00007ffca96d0000 - 0x00007ffca9703000 	C:\Windows\system32\rsaenh.dll
0x00007ffcaa170000 - 0x00007ffcaa199000 	C:\Windows\SYSTEM32\USERENV.dll
0x00007ffca9cb0000 - 0x00007ffca9cbb000 	C:\Windows\SYSTEM32\CRYPTBASE.dll
0x00007ffca35f0000 - 0x00007ffca3606000 	C:\Windows\SYSTEM32\dhcpcsvc6.DLL
0x00007ffca3800000 - 0x00007ffca381a000 	C:\Windows\SYSTEM32\dhcpcsvc.DLL
0x00007ffca6040000 - 0x00007ffca6056000 	C:\Windows\system32\napinsp.dll
0x00007ffca6020000 - 0x00007ffca603a000 	C:\Windows\system32\pnrpnsp.dll
0x00007ffca6010000 - 0x00007ffca601e000 	C:\Windows\System32\winrnr.dll
0x00007ffca4a80000 - 0x00007ffca4a98000 	C:\Windows\system32\NLAapi.dll
0x00007ffc8b730000 - 0x00007ffc8b745000 	C:\Windows\System32\wshbth.dll
0x00007ffca1870000 - 0x00007ffca1a38000 	C:\Windows\SYSTEM32\dbghelp.dll

VM Arguments:
jvm_args: -agentlib:jdwp=transport=dt_socket,address=127.0.0.1:52822,suspend=y,server=n -ea -Didea.test.cyclic.buffer.size=1048576 -javaagent:C:\Users\vital\.IntelliJIdea2017.3\system\captureAgent\debugger-agent.jar=C:\Users\vital\AppData\Local\Temp\capture1.props -Dfile.encoding=UTF-8 
java_command: com.intellij.rt.execution.junit.JUnitStarter -ideVersion5 -junit4 test.ApplicationTests,creatingAppTest1
java_class_path (initial): C:\Program Files\JetBrains\IntelliJ IDEA 2017.3.1\lib\idea_rt.jar;C:\Program Files\JetBrains\IntelliJ IDEA 2017.3.1\plugins\junit\lib\junit-rt.jar;C:\Program Files\JetBrains\IntelliJ IDEA 2017.3.1\plugins\junit\lib\junit5-rt.jar;E:\IdeaProjects\Talenttests\target\test-classes;C:\Users\vital\.m2\repository\org\seleniumhq\selenium\selenium-java\3.11.0\selenium-java-3.11.0.jar;C:\Users\vital\.m2\repository\org\seleniumhq\selenium\selenium-api\3.11.0\selenium-api-3.11.0.jar;C:\Users\vital\.m2\repository\org\seleniumhq\selenium\selenium-chrome-driver\3.11.0\selenium-chrome-driver-3.11.0.jar;C:\Users\vital\.m2\repository\org\seleniumhq\selenium\selenium-edge-driver\3.11.0\selenium-edge-driver-3.11.0.jar;C:\Users\vital\.m2\repository\org\seleniumhq\selenium\selenium-firefox-driver\3.11.0\selenium-firefox-driver-3.11.0.jar;C:\Users\vital\.m2\repository\org\seleniumhq\selenium\selenium-ie-driver\3.11.0\selenium-ie-driver-3.11.0.jar;C:\Users\vital\.m2\repository\org\seleniumhq\selenium\selenium-opera-driver\3.11.0\selenium-opera-driver-3.11.0.jar;C:\Users\vital\.m2\repository\org\seleniumhq\selenium\selenium-remote-driver\3.11.0\selenium-remote-driver-3.11.0.jar;C:\Users\vital\.m2\repository\org\seleniumhq\selenium\selenium-safari-driver\3.11.0\selenium-safari-driver-3.11.0.jar;C:\Users\vital\.m2\repository\org\seleniumhq\selenium\selenium-support\3.11.0\selenium-support-3.11.0.jar;C:\Users\vital\.m2\repository\net\bytebuddy\byte-buddy\1.7.9\byte-buddy-1.7.9.jar;C:\Users\vital\.m2\repository\org\apache\commons\commons-exec\1.3\commons-exec-1.3.jar;C:\Users\vital\.m2\repository\commons-codec\commons-codec\1.10\commons-codec-1.10.jar;C:\Users\vital\.m2\repository\commons-logging\commons-logging\1.2\commons-logging-1.2.jar;C:\Users\vital\.m2\repository\com\google\code\gson\gson\2.8.2\gson-2.8.2.jar;C:\Users\vital\.m2\repository\com\google\guava\guava\23.6-jre\guava-23.6-jre.jar;C:\Users\vital\.m2\repository\com\google\code\findbugs\jsr305\1.3.9\jsr30
Launcher Type: SUN_STANDARD

Logging:
Log output configuration:
#0: stdout all=warning uptime,level,tags
#1: stderr all=off uptime,level,tags

Environment Variables:
JAVA_HOME=C:\Program Files\Java\jdk-9.0.4\
PATH=C:\Program Files\Broadcom\Broadcom 802.11\Driver;;C:\ProgramData\Oracle\Java\javapath;C:\Program Files (x86)\Intel\iCLS Client\;C:\Program Files\Intel\iCLS Client\;C:\Windows\system32;C:\Windows;C:\Windows\System32\Wbem;C:\Windows\System32\WindowsPowerShell\v1.0\;C:\Program Files\Intel\Intel(R) Management Engine Components\DAL;C:\Program Files\Intel\Intel(R) Management Engine Components\IPT;C:\Program Files (x86)\Intel\Intel(R) Management Engine Components\DAL;C:\Program Files (x86)\Intel\Intel(R) Management Engine Components\IPT;C:\Program Files (x86)\Intel\OpenCL SDK\2.0\bin\x86;C:\Program Files (x86)\Intel\OpenCL SDK\2.0\bin\x64;c:\Program Files\WIDCOMM\Bluetooth Software\;c:\Program Files\WIDCOMM\Bluetooth Software\syswow64;C:\Program Files\Java\jdk-9.0.4\bin;C:\Users\vital\AppData\Local\Microsoft\WindowsApps;C:\Program Files\Microsoft VS Code\bin;C:\Program Files\Java\jdk-9.0.4\bin;
USERNAME=vital
OS=Windows_NT
PROCESSOR_IDENTIFIER=Intel64 Family 6 Model 42 Stepping 7, GenuineIntel



---------------  S Y S T E M  ---------------

OS: Windows 10 , 64 bit Build 16299 (10.0.16299.15)

CPU:total 8 (initial active 8) (4 cores per cpu, 2 threads per core) family 6 model 42 stepping 7, cmov, cx8, fxsr, mmx, sse, sse2, sse3, ssse3, sse4.1, sse4.2, popcnt, avx, aes, clmul, ht, tsc, tscinvbit

Memory: 4k page, physical 8279356k(2810204k free), swap 10507580k(2332104k free)

vm_info: Java HotSpot(TM) 64-Bit Server VM (9.0.4+11) for windows-amd64 JRE (9.0.4+11), built on Dec 20 2017 02:18:54 by "mach5one" with MS VC++ 12.0 (VS2013)

END.
